2025-02-22 10:49:29,493 - CRITICAL - Application crashed: 'SpanishQuizLovableApp' object has no attribute 'replay_audio'
2025-02-22 10:49:40,633 - CRITICAL - Application crashed: 'SpanishQuizLovableApp' object has no attribute 'replay_audio'
2025-02-22 10:49:50,735 - CRITICAL - Application crashed: 'SpanishQuizLovableApp' object has no attribute 'replay_audio'
2025-02-22 10:50:43,131 - CRITICAL - Application crashed: 'SpanishQuizLovableApp' object has no attribute 'replay_audio'
2025-02-22 10:51:27,126 - CRITICAL - Application crashed: 'SpanishQuizLovableApp' object has no attribute 'replay_audio'
2025-02-22 10:53:58,362 - ERROR - Connection Error: Failed to connect to backend. Is the server running?
2025-02-22 10:54:08,289 - ERROR - Backend connection error: HTTPConnectionPool(host='127.0.0.1', port=5000): Max retries exceeded with url: /get_questions (Caused by NewConnectionError('<urllib3.connection.HTTPConnection object at 0x00000275A9B59160>: Failed to establish a new connection: [WinError 10061] No connection could be made because the target machine actively refused it'))
2025-02-22 10:57:32,670 - ERROR - Backend Error: Failed to fetch questions: 404
2025-02-22 10:58:58,823 - ERROR - Connection Error: Failed to connect to backend. Is the server running?
2025-02-22 10:59:01,016 - ERROR - Backend connection error: HTTPConnectionPool(host='127.0.0.1', port=5000): Max retries exceeded with url: /get_questions (Caused by NewConnectionError('<urllib3.connection.HTTPConnection object at 0x0000019E0F992E90>: Failed to establish a new connection: [WinError 10061] No connection could be made because the target machine actively refused it'))
2025-02-22 10:59:12,809 - ERROR - Backend Error: Failed to fetch questions: 404
2025-02-22 11:00:27,801 - ERROR - Connection Error: Failed to connect to backend. Is the server running?
2025-02-22 11:00:30,519 - ERROR - Backend connection error: HTTPConnectionPool(host='127.0.0.1', port=5000): Max retries exceeded with url: /get_questions (Caused by NewConnectionError('<urllib3.connection.HTTPConnection object at 0x000001D17E802E90>: Failed to establish a new connection: [WinError 10061] No connection could be made because the target machine actively refused it'))
2025-02-22 11:00:45,658 - ERROR - Connection Error: Failed to connect to backend. Is the server running?
2025-02-22 11:00:54,902 - ERROR - Backend connection error: HTTPConnectionPool(host='127.0.0.1', port=5000): Max retries exceeded with url: /get_questions (Caused by NewConnectionError('<urllib3.connection.HTTPConnection object at 0x00000161C4025160>: Failed to establish a new connection: [WinError 10061] No connection could be made because the target machine actively refused it'))
2025-02-22 11:01:29,059 - ERROR - Backend Error: Failed to fetch questions: 404
2025-02-22 11:03:36,409 - ERROR - Backend Error: Failed to fetch questions: 404
2025-02-22 11:03:45,888 - ERROR - Backend Error: Failed to fetch questions: 404
2025-02-22 11:03:51,284 - ERROR - Backend Error: Failed to fetch questions: 404
2025-02-22 11:03:57,156 - ERROR - Backend Error: Failed to fetch questions: 404
2025-02-22 11:05:50,845 - ERROR - Backend Error: Failed to fetch questions: 404
2025-02-22 11:06:04,411 - ERROR - Backend Error: Failed to fetch questions: 404
2025-02-22 11:17:22,464 - INFO - Incorrect: The correct answer was: el avión
2025-02-22 11:17:32,569 - INFO - Correct!: ¡Muy bien! (Very good!)
2025-02-22 11:17:33,829 - INFO - Incorrect: The correct answer was: el océano
2025-02-22 11:17:47,526 - INFO - Correct!: ¡Muy bien! (Very good!)
2025-02-22 11:17:47,993 - INFO - Incorrect: The correct answer was: la ventana
2025-02-22 11:18:03,499 - INFO - Quiz Complete: Quiz finished! Final score: 2/5
2025-02-22 11:18:06,269 - INFO - New High Score!: Congratulations! New high score: 2
2025-02-22 11:20:16,953 - INFO - Correct!: ¡Muy bien! (Very good!)
2025-02-22 11:20:18,103 - INFO - Incorrect: The correct answer was: el perro
2025-02-22 11:20:37,017 - INFO - Correct!: ¡Muy bien! (Very good!)
2025-02-22 11:20:37,052 - INFO - Incorrect: The correct answer was: el gato
2025-02-22 11:20:49,192 - INFO - Incorrect: The correct answer was: la mesa
2025-02-22 11:20:53,727 - INFO - Quiz Complete: Quiz finished! Final score: 2/5
2025-02-22 11:25:10,261 - INFO - Correct!: ¡Muy bien! (Very good!)
2025-02-22 11:25:13,256 - INFO - Incorrect: The correct answer was: la cocina
2025-02-22 11:25:25,714 - INFO - Incorrect: The correct answer was: el coche
2025-02-22 11:25:39,461 - INFO - Incorrect: The correct answer was: el sol
2025-02-22 11:25:58,789 - INFO - Correct!: ¡Muy bien! (Very good!)
2025-02-22 11:26:00,425 - INFO - Incorrect: The correct answer was: el plátano
2025-02-22 11:26:22,576 - INFO - Quiz Complete: Quiz finished! Final score: 2/5
2025-02-22 11:26:26,909 - INFO - Quiz Complete: Quiz finished! Final score: 2/5
2025-02-22 11:36:08,010 - INFO - Incorrect: The correct answer was: el queso
2025-02-22 11:37:42,981 - INFO - Incorrect: The correct answer was: el perro
2025-02-22 11:37:53,503 - INFO - Correct!: ¡Muy bien! (Very good!)
2025-02-22 11:37:55,510 - INFO - Incorrect: The correct answer was: el queso
2025-02-22 11:38:07,218 - INFO - Incorrect: The correct answer was: la luna
2025-02-22 11:39:02,982 - INFO - Correct!: ¡Muy bien! (Very good!)
2025-02-22 11:39:04,328 - INFO - Incorrect: The correct answer was: la mesa
